<?xml version="1.0" encoding="UTF-8" ?>
<testsuite tests="21" failures="0" name="fr.lirmm.graphik.graal.defeasible.core.io.parser.DlgpDefeasibleParserTest" time="0.069" errors="0" skipped="0">
  <properties>
[...]
</properties>
  <testcase classname="fr.lirmm.graphik.graal.defeasible.core.io.parser.DlgpDefeasibleParserTest" name="ShouldReturnPreferenceRule2" time="0.055"/>
  <testcase classname="fr.lirmm.graphik.graal.defeasible.core.io.parser.DlgpDefeasibleParserTest" name="ShouldParseRuleLabel" time="0.001"/>
  <testcase classname="fr.lirmm.graphik.graal.defeasible.core.io.parser.DlgpDefeasibleParserTest" name="ShouldReturnStrictRule2" time="0.001"/>
  <testcase classname="fr.lirmm.graphik.graal.defeasible.core.io.parser.DlgpDefeasibleParserTest" name="ShouldReturnDefeasibleRule2" time="0.002"/>
  <testcase classname="fr.lirmm.graphik.graal.defeasible.core.io.parser.DlgpDefeasibleParserTest" name="ShouldReturnAtom" time="0.004"/>
  <testcase classname="fr.lirmm.graphik.graal.defeasible.core.io.parser.DlgpDefeasibleParserTest" name="ShouldReturnDefeaterRule" time="0.001"/>
  <testcase classname="fr.lirmm.graphik.graal.defeasible.core.io.parser.DlgpDefeasibleParserTest" name="ShouldReturnDefeaterRule2" time="0.001"/>
  <testcase classname="fr.lirmm.graphik.graal.defeasible.core.io.parser.DlgpDefeasibleParserTest" name="ShouldReturnDefeaterRuleWithEmptyBody2" time="0"/>
  <testcase classname="fr.lirmm.graphik.graal.defeasible.core.io.parser.DlgpDefeasibleParserTest" name="ShouldParseRulePreferenceBetweenConstants" time="0"/>
  <testcase classname="fr.lirmm.graphik.graal.defeasible.core.io.parser.DlgpDefeasibleParserTest" name="ShouldReturnDefeaterRuleWithEmptyBody" time="0"/>
  <testcase classname="fr.lirmm.graphik.graal.defeasible.core.io.parser.DlgpDefeasibleParserTest" name="ShouldReturnDefeasibleRuleWithEmptyBody" time="0"/>
  <testcase classname="fr.lirmm.graphik.graal.defeasible.core.io.parser.DlgpDefeasibleParserTest" name="ShouldReturnStrictRule" time="0.001"/>
  <testcase classname="fr.lirmm.graphik.graal.defeasible.core.io.parser.DlgpDefeasibleParserTest" name="ShouldThrowParseExceptionAtom1" time="0.001"/>
  <testcase classname="fr.lirmm.graphik.graal.defeasible.core.io.parser.DlgpDefeasibleParserTest" name="ShouldThrowParseExceptionAtom2" time="0"/>
  <testcase classname="fr.lirmm.graphik.graal.defeasible.core.io.parser.DlgpDefeasibleParserTest" name="ShouldReturnDefeasibleRule" time="0"/>
  <testcase classname="fr.lirmm.graphik.graal.defeasible.core.io.parser.DlgpDefeasibleParserTest" name="ShouldParseAlternativePreferenceBetweenConstants" time="0"/>
  <testcase classname="fr.lirmm.graphik.graal.defeasible.core.io.parser.DlgpDefeasibleParserTest" name="ShouldReturnAtomSet" time="0.001"/>
  <testcase classname="fr.lirmm.graphik.graal.defeasible.core.io.parser.DlgpDefeasibleParserTest" name="ShouldReturnDefeasibleRuleWithEmptyBody2" time="0"/>
  <testcase classname="fr.lirmm.graphik.graal.defeasible.core.io.parser.DlgpDefeasibleParserTest" name="ShouldParseAlternativePreferenceBetweenConstantsAndVariables" time="0.001"/>
  <testcase classname="fr.lirmm.graphik.graal.defeasible.core.io.parser.DlgpDefeasibleParserTest" name="ShouldParsePreferenceWithLabel" time="0"/>
  <testcase classname="fr.lirmm.graphik.graal.defeasible.core.io.parser.DlgpDefeasibleParserTest" name="ShouldReturnPreferenceRule" time="0"/>
</testsuite>